<?xml version="1.0" encoding="UTF-8" ?>
<testsuite tests="14" failures="0" name="uaslp.objetos.list.arraylist.ArrayListTest" time="0.013" errors="0" skipped="0">
  <properties>
[...]
</properties>
  <testcase classname="uaslp.objetos.list.arraylist.ArrayListTest" name="givenAListWithTwoElements_whenSetAtIndex3_thenSizeIsThrown" time="0.009"/>
  <testcase classname="uaslp.objetos.list.arraylist.ArrayListTest" name="givenANewList_whenGetName_ThenResultIsArrayList" time="0"/>
  <testcase classname="uaslp.objetos.list.arraylist.ArrayListTest" name="givenANewList_whenAddAtFrontNullValue_thenThrowNotNullValue" time="0"/>
  <testcase classname="uaslp.objetos.list.arraylist.ArrayListTest" name="givenANewListWithOneElement_whenRemove_ThenResultIsTheSame" time="0"/>
  <testcase classname="uaslp.objetos.list.arraylist.ArrayListTest" name="givenAListWithTwoElements_whereSetAt_thenSetElementAtindex" time="0"/>
  <testcase classname="uaslp.objetos.list.arraylist.ArrayListTest" name="givenAListWithThreeElements_whenRemoveIndexAddAtTail_thenSizeIsTwo" time="0"/>
  <testcase classname="uaslp.objetos.list.arraylist.ArrayListTest" name="givenANewListWith4Elements_whenRemove_ThenResultIsThree" time="0"/>
  <testcase classname="uaslp.objetos.list.arraylist.ArrayListTest" name="givenAListWithThreeElements_whenRemoveAll_thenSizeIsZero" time="0.001"/>
  <testcase classname="uaslp.objetos.list.arraylist.ArrayListTest" name="givenListWithATwoElements_whenAddAtFront_thenNewElementIsIn0Pos" time="0"/>
  <testcase classname="uaslp.objetos.list.arraylist.ArrayListTest" name="givenAListWithThreeElements_whenRemoveIndex1_thenSizeIsTwo" time="0"/>
  <testcase classname="uaslp.objetos.list.arraylist.ArrayListTest" name="givenAListWithThreeElements_whenGetIterator_thenIteratorWorksOverAllThreeElements" time="0.003"/>
  <testcase classname="uaslp.objetos.list.arraylist.ArrayListTest" name="givenANewList_whenArrayList_ThenResultIsArrayList" time="0"/>
  <testcase classname="uaslp.objetos.list.arraylist.ArrayListTest" name="givenANewList_whenGetSize_ThenResultIsTwo" time="0"/>
  <testcase classname="uaslp.objetos.list.arraylist.ArrayListTest" name="givenListWithASingleElement_whenAddAtTailAnElement_thenResultIsOne" time="0"/>
</testsuite>