<?xml version="1.0" encoding="UTF-8" ?>
<testsuite tests="19" failures="0" name="uaslp.objetos.list.linkedlist.LinkedListTest" time="0.003" errors="0" skipped="0">
  <properties>
[...]
</properties>
  <testcase classname="uaslp.objetos.list.linkedlist.LinkedListTest" name="givenAListWithTwoElements_whenRemove_thenSizeIsOne" time="0"/>
  <testcase classname="uaslp.objetos.list.linkedlist.LinkedListTest" name="givenAListWithThreeElements_whenRemove_thenSizeIsZero" time="0"/>
  <testcase classname="uaslp.objetos.list.linkedlist.LinkedListTest" name="givenAListWithThreeElements_whenRemove_thenSizeIsTwo" time="0.001"/>
  <testcase classname="uaslp.objetos.list.linkedlist.LinkedListTest" name="givenAListWithTwoElements_whenRemoveIndex1_thenSizeIsOne" time="0"/>
  <testcase classname="uaslp.objetos.list.linkedlist.LinkedListTest" name="givenAListWithTwoElements_whenRemoveIndex3_thenNotValidIndexExceptionIsThrown" time="0.001"/>
  <testcase classname="uaslp.objetos.list.linkedlist.LinkedListTest" name="givenAListWithTwoElements_whenAddAtFrontNullValue_thenNotNullValuesAllowedException" time="0"/>
  <testcase classname="uaslp.objetos.list.linkedlist.LinkedListTest" name="givenAListWithTwoElements_whenSetAtNullValue_thenNotNullValuesAllowedException" time="0"/>
  <testcase classname="uaslp.objetos.list.linkedlist.LinkedListTest" name="givenAListWithTwoElements_whenSetAt_thenElementsIsModified" time="0"/>
  <testcase classname="uaslp.objetos.list.linkedlist.LinkedListTest" name="givenANewList_whenGetAt_thenExceptionIsThrown" time="0"/>
  <testcase classname="uaslp.objetos.list.linkedlist.LinkedListTest" name="givenListWithASingleElement_whenAddAtFrontAnElement_thenResultIsOne" time="0"/>
  <testcase classname="uaslp.objetos.list.linkedlist.LinkedListTest" name="givenAListWithThreeElements_whenRemoveElementAtTail_thenSizeIsTwo" time="0"/>
  <testcase classname="uaslp.objetos.list.linkedlist.LinkedListTest" name="givenAListWithTwoElements_whenSetAtIndex3_thenNotValidIndexExceptionIsThrown" time="0"/>
  <testcase classname="uaslp.objetos.list.linkedlist.LinkedListTest" name="givenAListWithTwoElements_whenAddAtTailNullValue_thenNotNullValuesAllowedException" time="0"/>
  <testcase classname="uaslp.objetos.list.linkedlist.LinkedListTest" name="givenAListWithThreeElements_whenGetIterator_thenIteratorWorksOverAllThreeElements" time="0.001"/>
  <testcase classname="uaslp.objetos.list.linkedlist.LinkedListTest" name="givenANewList_whenGetSize_thenResultIsZero" time="0"/>
  <testcase classname="uaslp.objetos.list.linkedlist.LinkedListTest" name="givenAListWithOneElement_whenRemove_thenSizeIsZero" time="0"/>
  <testcase classname="uaslp.objetos.list.linkedlist.LinkedListTest" name="givenAListWith1Element_whenAddAtFrontAnElement_thenResultIsTwo" time="0"/>
  <testcase classname="uaslp.objetos.list.linkedlist.LinkedListTest" name="givenListWithASingleElement_whenAddAtTailAnElement_thenResultIsOne" time="0"/>
  <testcase classname="uaslp.objetos.list.linkedlist.LinkedListTest" name="givenAListWith1Element_whenAddAtTailAnElement_thenResultIsTwo" time="0"/>
</testsuite>